10-06 21:36:21 com_github_MitjaNemec_PlaceFootprints.action_place_footprints 647:Plugin executed on: 'win32'
10-06 21:36:21 com_github_MitjaNemec_PlaceFootprints.action_place_footprints 648:Plugin executed with python version: '3.11.5 (main, Jul 16 2024, 08:01:06) [MSC v.1939 64 bit (AMD64)]'
10-06 21:36:21 com_github_MitjaNemec_PlaceFootprints.action_place_footprints 649:KiCad build version: 8.0.4
10-06 21:36:21 com_github_MitjaNemec_PlaceFootprints.action_place_footprints 650:Plugin version: 3.0.0
10-06 21:36:21 com_github_MitjaNemec_PlaceFootprints.action_place_footprints 651:Frame repr: <wx._core.Frame object at 0x00000201043F04C0>
10-06 21:36:21 com_github_MitjaNemec_PlaceFootprints.place_footprints 121:getting a list of all footprints on board
10-06 21:36:21 com_github_MitjaNemec_PlaceFootprints.place_footprints 156:Footprint U1 on root level
10-06 21:36:21 com_github_MitjaNemec_PlaceFootprints.place_footprints 156:Footprint R13 on root level
10-06 21:36:21 com_github_MitjaNemec_PlaceFootprints.place_footprints 156:Footprint R12 on root level
10-06 21:36:21 com_github_MitjaNemec_PlaceFootprints.place_footprints 156:Footprint R11 on root level
10-06 21:36:21 com_github_MitjaNemec_PlaceFootprints.place_footprints 156:Footprint R10 on root level
10-06 21:36:21 com_github_MitjaNemec_PlaceFootprints.place_footprints 156:Footprint R1 on root level
10-06 21:36:21 com_github_MitjaNemec_PlaceFootprints.place_footprints 156:Footprint IC2 on root level
10-06 21:36:21 com_github_MitjaNemec_PlaceFootprints.place_footprints 156:Footprint C6 on root level
10-06 21:36:21 com_github_MitjaNemec_PlaceFootprints.place_footprints 156:Footprint C5 on root level
10-06 21:36:21 com_github_MitjaNemec_PlaceFootprints.place_footprints 156:Footprint C4 on root level
10-06 21:36:21 com_github_MitjaNemec_PlaceFootprints.place_footprints 156:Footprint SW1 on root level
10-06 21:36:21 com_github_MitjaNemec_PlaceFootprints.place_footprints 156:Footprint J5 on root level
10-06 21:36:21 com_github_MitjaNemec_PlaceFootprints.place_footprints 156:Footprint J2 on root level
10-06 21:36:21 com_github_MitjaNemec_PlaceFootprints.place_footprints 156:Footprint J1 on root level
10-06 21:36:21 com_github_MitjaNemec_PlaceFootprints.place_footprints 156:Footprint J4 on root level
10-06 21:36:21 com_github_MitjaNemec_PlaceFootprints.place_footprints 156:Footprint R4 on root level
10-06 21:36:21 com_github_MitjaNemec_PlaceFootprints.place_footprints 156:Footprint R9 on root level
10-06 21:36:21 com_github_MitjaNemec_PlaceFootprints.place_footprints 156:Footprint R2 on root level
10-06 21:36:21 com_github_MitjaNemec_PlaceFootprints.place_footprints 156:Footprint C2 on root level
10-06 21:36:21 com_github_MitjaNemec_PlaceFootprints.place_footprints 156:Footprint R6 on root level
10-06 21:36:21 com_github_MitjaNemec_PlaceFootprints.place_footprints 156:Footprint IC1 on root level
10-06 21:36:21 com_github_MitjaNemec_PlaceFootprints.place_footprints 156:Footprint R3 on root level
10-06 21:36:21 com_github_MitjaNemec_PlaceFootprints.place_footprints 156:Footprint R8 on root level
10-06 21:36:21 com_github_MitjaNemec_PlaceFootprints.place_footprints 156:Footprint R5 on root level
10-06 21:36:21 com_github_MitjaNemec_PlaceFootprints.place_footprints 156:Footprint LED1 on root level
10-06 21:36:21 com_github_MitjaNemec_PlaceFootprints.place_footprints 156:Footprint C3 on root level
10-06 21:36:21 com_github_MitjaNemec_PlaceFootprints.place_footprints 156:Footprint J3 on root level
10-06 21:36:21 com_github_MitjaNemec_PlaceFootprints.place_footprints 156:Footprint C1 on root level
10-06 21:36:23 com_github_MitjaNemec_PlaceFootprints.action_place_footprints 830:Reference designator is: R
10-06 21:36:23 com_github_MitjaNemec_PlaceFootprints.action_place_footprints 831:Reference number is: 13
10-06 21:36:23 com_github_MitjaNemec_PlaceFootprints.action_place_footprints 863:Sorted and filtered list:
['R8', 'R9', 'R10', 'R11', 'R12', 'R13']
10-06 21:36:23 com_github_MitjaNemec_PlaceFootprints.action_place_footprints 359:wx.Colour(240, 240, 240, 255)
